2016-01-16 14:46:55.671+0000 INFO  [o.n.k.i.f.CommunityFacadeFactory] No locking implementation specified, defaulting to 'community'
2016-01-16 14:46:55.749+0000 INFO  [o.n.k.AvailabilityGuard] Requirement makes database unavailable: Database available
2016-01-16 14:46:55.756+0000 INFO  [o.n.k.i.DiagnosticsManager] --- INITIALIZED diagnostics START ---
2016-01-16 14:46:55.756+0000 INFO  [o.n.k.i.DiagnosticsManager] Neo4j Kernel properties:
2016-01-16 14:46:55.756+0000 INFO  [o.n.k.i.DiagnosticsManager] org.neo4j.server.db.tuning.properties=C:\Users\Neca\Documents\Neo4j\default.graphdb\neo4j.properties
2016-01-16 14:46:55.756+0000 INFO  [o.n.k.i.DiagnosticsManager] org.neo4j.server.database.location=C:\Users\Neca\Documents\Neo4j\default.graphdb
2016-01-16 14:46:55.756+0000 INFO  [o.n.k.i.DiagnosticsManager] org.neo4j.server.webserver.port=7474
2016-01-16 14:46:55.756+0000 INFO  [o.n.k.i.DiagnosticsManager] dbms.querylog.filename=data/log/queries.log
2016-01-16 14:46:55.756+0000 INFO  [o.n.k.i.DiagnosticsManager] dbms.security.auth_store.location=C:\Users\Neca\Documents\Neo4j\default.graphdb\.\dbms\auth
2016-01-16 14:46:55.757+0000 INFO  [o.n.k.i.DiagnosticsManager] org.neo4j.server.http.log.enabled=false
2016-01-16 14:46:55.757+0000 INFO  [o.n.k.i.DiagnosticsManager] dbms.security.tls_certificate_file=C:\Users\Neca\Documents\Neo4j\default.graphdb\.\dbms\ssl\snakeoil.cert
2016-01-16 14:46:55.757+0000 INFO  [o.n.k.i.DiagnosticsManager] org.neo4j.server.webserver.https.port=7473
2016-01-16 14:46:55.757+0000 INFO  [o.n.k.i.DiagnosticsManager] remote_shell_enabled=true
2016-01-16 14:46:55.757+0000 INFO  [o.n.k.i.DiagnosticsManager] edition=Community
2016-01-16 14:46:55.757+0000 INFO  [o.n.k.i.DiagnosticsManager] dbms.security.tls_key_file=C:\Users\Neca\Documents\Neo4j\default.graphdb\.\dbms\ssl\snakeoil.key
2016-01-16 14:46:55.757+0000 INFO  [o.n.k.i.DiagnosticsManager] dbms.security.auth_enabled=true
2016-01-16 14:46:55.757+0000 INFO  [o.n.k.i.DiagnosticsManager] Diagnostics providers:
2016-01-16 14:46:55.757+0000 INFO  [o.n.k.i.DiagnosticsManager] org.neo4j.kernel.configuration.Config
2016-01-16 14:46:55.757+0000 INFO  [o.n.k.i.DiagnosticsManager] org.neo4j.kernel.info.DiagnosticsManager
2016-01-16 14:46:55.757+0000 INFO  [o.n.k.i.DiagnosticsManager] SYSTEM_MEMORY
2016-01-16 14:46:55.757+0000 INFO  [o.n.k.i.DiagnosticsManager] JAVA_MEMORY
2016-01-16 14:46:55.757+0000 INFO  [o.n.k.i.DiagnosticsManager] OPERATING_SYSTEM
2016-01-16 14:46:55.757+0000 INFO  [o.n.k.i.DiagnosticsManager] JAVA_VIRTUAL_MACHINE
2016-01-16 14:46:55.758+0000 INFO  [o.n.k.i.DiagnosticsManager] CLASSPATH
2016-01-16 14:46:55.758+0000 INFO  [o.n.k.i.DiagnosticsManager] LIBRARY_PATH
2016-01-16 14:46:55.758+0000 INFO  [o.n.k.i.DiagnosticsManager] SYSTEM_PROPERTIES
2016-01-16 14:46:55.758+0000 INFO  [o.n.k.i.DiagnosticsManager] NETWORK
2016-01-16 14:46:55.758+0000 INFO  [o.n.k.i.DiagnosticsManager] System memory information:
2016-01-16 14:46:55.760+0000 INFO  [o.n.k.i.DiagnosticsManager] Total Physical memory: 5.91 GB
2016-01-16 14:46:55.760+0000 INFO  [o.n.k.i.DiagnosticsManager] Free Physical memory: 2.92 GB
2016-01-16 14:46:55.760+0000 INFO  [o.n.k.i.DiagnosticsManager] Committed virtual memory: 236.68 MB
2016-01-16 14:46:55.761+0000 INFO  [o.n.k.i.DiagnosticsManager] Total swap space: 11.91 GB
2016-01-16 14:46:55.761+0000 INFO  [o.n.k.i.DiagnosticsManager] Free swap space: 8.08 GB
2016-01-16 14:46:55.761+0000 INFO  [o.n.k.i.DiagnosticsManager] JVM memory information:
2016-01-16 14:46:55.761+0000 INFO  [o.n.k.i.DiagnosticsManager] Free  memory: 52.92 MB
2016-01-16 14:46:55.761+0000 INFO  [o.n.k.i.DiagnosticsManager] Total memory: 91.00 MB
2016-01-16 14:46:55.761+0000 INFO  [o.n.k.i.DiagnosticsManager] Max   memory: 1.31 GB
2016-01-16 14:46:55.763+0000 INFO  [o.n.k.i.DiagnosticsManager] Garbage Collector: PS Scavenge: [PS Eden Space, PS Survivor Space]
2016-01-16 14:46:55.764+0000 INFO  [o.n.k.i.DiagnosticsManager] Garbage Collector: PS MarkSweep: [PS Eden Space, PS Survivor Space, PS Old Gen, PS Perm Gen]
2016-01-16 14:46:55.764+0000 INFO  [o.n.k.i.DiagnosticsManager] Memory Pool: Code Cache (Non-heap memory): committed=2.44 MB, used=949.06 kB, max=48.00 MB, threshold=0.00 B
2016-01-16 14:46:55.765+0000 INFO  [o.n.k.i.DiagnosticsManager] Memory Pool: PS Eden Space (Heap memory): committed=24.50 MB, used=13.45 MB, max=498.00 MB, threshold=?
2016-01-16 14:46:55.765+0000 INFO  [o.n.k.i.DiagnosticsManager] Memory Pool: PS Survivor Space (Heap memory): committed=3.50 MB, used=3.49 MB, max=3.50 MB, threshold=?
2016-01-16 14:46:55.766+0000 INFO  [o.n.k.i.DiagnosticsManager] Memory Pool: PS Old Gen (Heap memory): committed=63.00 MB, used=21.14 MB, max=1009.00 MB, threshold=0.00 B
2016-01-16 14:46:55.766+0000 INFO  [o.n.k.i.DiagnosticsManager] Memory Pool: PS Perm Gen (Non-heap memory): committed=21.00 MB, used=19.88 MB, max=82.00 MB, threshold=0.00 B
2016-01-16 14:46:55.766+0000 INFO  [o.n.k.i.DiagnosticsManager] Operating system information:
2016-01-16 14:46:55.767+0000 INFO  [o.n.k.i.DiagnosticsManager] Operating System: Windows NT (unknown); version: 6.3; arch: amd64; cpus: 4
2016-01-16 14:46:55.767+0000 INFO  [o.n.k.i.DiagnosticsManager] Process id: 3180@Neca-PC
2016-01-16 14:46:55.767+0000 INFO  [o.n.k.i.DiagnosticsManager] Byte order: LITTLE_ENDIAN
2016-01-16 14:46:55.767+0000 INFO  [o.n.k.i.DiagnosticsManager] Local timezone: Europe/Prague
2016-01-16 14:46:55.768+0000 INFO  [o.n.k.i.DiagnosticsManager] JVM information:
2016-01-16 14:46:55.768+0000 INFO  [o.n.k.i.DiagnosticsManager] VM Name: Java HotSpot(TM) 64-Bit Server VM
2016-01-16 14:46:55.768+0000 INFO  [o.n.k.i.DiagnosticsManager] VM Vendor: Oracle Corporation
2016-01-16 14:46:55.768+0000 INFO  [o.n.k.i.DiagnosticsManager] VM Version: 24.51-b03
2016-01-16 14:46:55.768+0000 INFO  [o.n.k.i.DiagnosticsManager] JIT compiler: HotSpot 64-Bit Tiered Compilers
2016-01-16 14:46:55.768+0000 INFO  [o.n.k.i.DiagnosticsManager] VM Arguments: [-Dexe4j.semaphoreName=Local\c:_program_files_neo4j_ce_2.3.1_bin_neo4j-ce.exe, -Dexe4j.isInstall4j=true, -Dexe4j.moduleName=C:\Program Files\Neo4j CE 2.3.1\bin\neo4j-ce.exe, -Dexe4j.tempDir=, -Dexe4j.unextractedPosition=0, -Djava.library.path=C:\ProgramData\Oracle\Java\javapath;E:\app\Neca\product\12.1.0\client_2;E:\app\Neca\product\12.1.0\client_2\bin;E:\app\Neca\product\12.1.0\client_1;E:\app\Neca\product\12.1.0\client_1\bin;C:\Program Files (x86)\PC Connectivity Solution\;C:\Windows\system32;C:\Windows;C:\Windows\System32\Wbem;C:\Windows\System32\WindowsPowerShell\v1.0\;C:\Program Files\Intel\WiFi\bin\;C:\Program Files\Common Files\Intel\WirelessCommon\;C:\Program Files\Microsoft\Web Platform Installer\;C:\Program Files (x86)\Microsoft ASP.NET\ASP.NET Web Pages\v1.0\;C:\Program Files\Microsoft SQL Server\110\Tools\Binn\;C:\WINDOWS\system32;C:\WINDOWS;C:\WINDOWS\System32\Wbem;C:\WINDOWS\System32\WindowsPowerShell\v1.0\;C:\Program Files (x86)\NVIDIA Corporation\PhysX\Common;C:\Program Files (x86)\Skype\Phone\;C:\Users\Neca\.dnx\bin;C:\Program Files\Microsoft DNX\Dnvm\;C:\Program Files (x86)\Windows Kits\8.1\Windows Performance Toolkit\;C:\Program Files (x86)\Microsoft Visual Studio\Common\Tools\WinNT;C:\Program Files (x86)\Microsoft Visual Studio\Common\MSDev98\Bin;C:\Program Files (x86)\Microsoft Visual Studio\Common\Tools;C:\Program Files (x86)\Microsoft Visual Studio\VC98\bin;C:\altera\13.0\modelsim_ase\win32aloem;c:\program files\java\jdk1.7.0_51\jre\bin, -Dexe4j.consoleCodepage=cp0, -Dinstall4j.launcherId=24, -Dinstall4j.swt=false]
2016-01-16 14:46:55.768+0000 INFO  [o.n.k.i.DiagnosticsManager] Java classpath:
2016-01-16 14:46:55.773+0000 INFO  [o.n.k.i.DiagnosticsManager]  [loader.0] file:/C:/Program%20Files/Neo4j%20CE%202.3.1/bin/
2016-01-16 14:46:55.773+0000 INFO  [o.n.k.i.DiagnosticsManager]  [bootstrap] C:\Program Files\Java\jdk1.7.0_51\jre\lib\charsets.jar
2016-01-16 14:46:55.773+0000 INFO  [o.n.k.i.DiagnosticsManager]  [classpath] C:\Program Files\Neo4j CE 2.3.1\.install4j\i4jruntime.jar
2016-01-16 14:46:55.773+0000 INFO  [o.n.k.i.DiagnosticsManager]  [loader.1] file:/C:/Program%20Files/Java/jdk1.7.0_51/jre/lib/ext/sunec.jar
2016-01-16 14:46:55.773+0000 INFO  [o.n.k.i.DiagnosticsManager]  [loader.1] file:/C:/Program%20Files/Java/jdk1.7.0_51/jre/lib/ext/jaccess.jar
2016-01-16 14:46:55.773+0000 INFO  [o.n.k.i.DiagnosticsManager]  [bootstrap] C:\Program Files\Java\jdk1.7.0_51\jre\lib\resources.jar
2016-01-16 14:46:55.773+0000 INFO  [o.n.k.i.DiagnosticsManager]  [loader.0] file:/C:/Program%20Files/Neo4j%20CE%202.3.1/.install4j/i4jruntime.jar
2016-01-16 14:46:55.773+0000 INFO  [o.n.k.i.DiagnosticsManager]  [loader.0] file:/C:/Program%20Files/Neo4j%20CE%202.3.1/bin/neo4j-desktop-2.3.1.jar
2016-01-16 14:46:55.773+0000 INFO  [o.n.k.i.DiagnosticsManager]  [loader.1] file:/C:/Program%20Files/Java/jdk1.7.0_51/jre/lib/ext/sunmscapi.jar
2016-01-16 14:46:55.773+0000 INFO  [o.n.k.i.DiagnosticsManager]  [loader.1] file:/C:/Program%20Files/Java/jdk1.7.0_51/jre/lib/ext/access-bridge-64.jar
2016-01-16 14:46:55.773+0000 INFO  [o.n.k.i.DiagnosticsManager]  [loader.1] file:/C:/Program%20Files/Java/jdk1.7.0_51/jre/lib/ext/localedata.jar
2016-01-16 14:46:55.773+0000 INFO  [o.n.k.i.DiagnosticsManager]  [bootstrap] C:\Program Files\Java\jdk1.7.0_51\jre\lib\rt.jar
2016-01-16 14:46:55.773+0000 INFO  [o.n.k.i.DiagnosticsManager]  [bootstrap] C:\Program Files\Java\jdk1.7.0_51\jre\lib\jsse.jar
2016-01-16 14:46:55.773+0000 INFO  [o.n.k.i.DiagnosticsManager]  [bootstrap] C:\Program Files\Java\jdk1.7.0_51\jre\lib\jfr.jar
2016-01-16 14:46:55.773+0000 INFO  [o.n.k.i.DiagnosticsManager]  [bootstrap] C:\Program Files\Java\jdk1.7.0_51\jre\lib\sunrsasign.jar
2016-01-16 14:46:55.774+0000 INFO  [o.n.k.i.DiagnosticsManager]  [loader.1] file:/C:/Program%20Files/Java/jdk1.7.0_51/jre/lib/ext/zipfs.jar
2016-01-16 14:46:55.774+0000 INFO  [o.n.k.i.DiagnosticsManager]  [loader.1] file:/C:/Program%20Files/Java/jdk1.7.0_51/jre/lib/ext/sunjce_provider.jar
2016-01-16 14:46:55.774+0000 INFO  [o.n.k.i.DiagnosticsManager]  [loader.1] file:/C:/Program%20Files/Java/jdk1.7.0_51/jre/lib/ext/dnsns.jar
2016-01-16 14:46:55.774+0000 INFO  [o.n.k.i.DiagnosticsManager]  [bootstrap] C:\Program Files\Java\jdk1.7.0_51\jre\classes
2016-01-16 14:46:55.774+0000 INFO  [o.n.k.i.DiagnosticsManager]  [bootstrap] C:\Program Files\Java\jdk1.7.0_51\jre\lib\jce.jar
2016-01-16 14:46:55.774+0000 INFO  [o.n.k.i.DiagnosticsManager]  [classpath] C:\Program Files\Neo4j CE 2.3.1\bin\neo4j-desktop-2.3.1.jar
2016-01-16 14:46:55.774+0000 INFO  [o.n.k.i.DiagnosticsManager] Library path:
2016-01-16 14:46:55.774+0000 INFO  [o.n.k.i.DiagnosticsManager] C:\ProgramData\Oracle\Java\javapath
2016-01-16 14:46:55.775+0000 INFO  [o.n.k.i.DiagnosticsManager] E:\app\Neca\product\12.1.0\client_2
2016-01-16 14:46:55.776+0000 INFO  [o.n.k.i.DiagnosticsManager] E:\app\Neca\product\12.1.0\client_2\bin
2016-01-16 14:46:55.776+0000 INFO  [o.n.k.i.DiagnosticsManager] E:\app\Neca\product\12.1.0\client_1
2016-01-16 14:46:55.777+0000 INFO  [o.n.k.i.DiagnosticsManager] E:\app\Neca\product\12.1.0\client_1\bin
2016-01-16 14:46:55.777+0000 INFO  [o.n.k.i.DiagnosticsManager] C:\Program Files (x86)\PC Connectivity Solution
2016-01-16 14:46:55.778+0000 INFO  [o.n.k.i.DiagnosticsManager] C:\Windows\System32
2016-01-16 14:46:55.778+0000 INFO  [o.n.k.i.DiagnosticsManager] C:\Windows
2016-01-16 14:46:55.778+0000 INFO  [o.n.k.i.DiagnosticsManager] C:\Windows\System32\wbem
2016-01-16 14:46:55.779+0000 INFO  [o.n.k.i.DiagnosticsManager] C:\Windows\System32\WindowsPowerShell\v1.0
2016-01-16 14:46:55.779+0000 INFO  [o.n.k.i.DiagnosticsManager] C:\Program Files\Intel\WiFi\bin
2016-01-16 14:46:55.779+0000 INFO  [o.n.k.i.DiagnosticsManager] C:\Program Files\Common Files\Intel\WirelessCommon
2016-01-16 14:46:55.780+0000 INFO  [o.n.k.i.DiagnosticsManager] C:\Program Files\Microsoft\Web Platform Installer
2016-01-16 14:46:55.780+0000 INFO  [o.n.k.i.DiagnosticsManager] C:\Program Files (x86)\Microsoft ASP.NET\ASP.NET Web Pages\v1.0
2016-01-16 14:46:55.781+0000 INFO  [o.n.k.i.DiagnosticsManager] C:\Program Files\Microsoft SQL Server\110\Tools\Binn
2016-01-16 14:46:55.781+0000 INFO  [o.n.k.i.DiagnosticsManager] C:\Windows\System32
2016-01-16 14:46:55.781+0000 INFO  [o.n.k.i.DiagnosticsManager] C:\Windows
2016-01-16 14:46:55.781+0000 INFO  [o.n.k.i.DiagnosticsManager] C:\Windows\System32\wbem
2016-01-16 14:46:55.782+0000 INFO  [o.n.k.i.DiagnosticsManager] C:\Windows\System32\WindowsPowerShell\v1.0
2016-01-16 14:46:55.782+0000 INFO  [o.n.k.i.DiagnosticsManager] C:\Program Files (x86)\NVIDIA Corporation\PhysX\Common
2016-01-16 14:46:55.783+0000 INFO  [o.n.k.i.DiagnosticsManager] C:\Program Files (x86)\Skype\Phone
2016-01-16 14:46:55.783+0000 INFO  [o.n.k.i.DiagnosticsManager] C:\Users\Neca\.dnx\bin
2016-01-16 14:46:55.783+0000 INFO  [o.n.k.i.DiagnosticsManager] C:\Program Files\Microsoft DNX\Dnvm
2016-01-16 14:46:55.784+0000 INFO  [o.n.k.i.DiagnosticsManager] C:\Program Files (x86)\Windows Kits\8.1\Windows Performance Toolkit
2016-01-16 14:46:55.784+0000 INFO  [o.n.k.i.DiagnosticsManager] C:\Program Files (x86)\Microsoft Visual Studio\Common\Tools\WinNT
2016-01-16 14:46:55.784+0000 INFO  [o.n.k.i.DiagnosticsManager] C:\Program Files (x86)\Microsoft Visual Studio\Common\MSDev98\Bin
2016-01-16 14:46:55.784+0000 INFO  [o.n.k.i.DiagnosticsManager] C:\Program Files (x86)\Microsoft Visual Studio\Common\Tools
2016-01-16 14:46:55.785+0000 INFO  [o.n.k.i.DiagnosticsManager] C:\Program Files (x86)\Microsoft Visual Studio\VC98\bin
2016-01-16 14:46:55.785+0000 INFO  [o.n.k.i.DiagnosticsManager] C:\altera\13.0\modelsim_ase\win32aloem
2016-01-16 14:46:55.785+0000 INFO  [o.n.k.i.DiagnosticsManager] C:\Program Files\Java\jdk1.7.0_51\jre\bin
2016-01-16 14:46:55.786+0000 INFO  [o.n.k.i.DiagnosticsManager] System.properties:
2016-01-16 14:46:55.786+0000 INFO  [o.n.k.i.DiagnosticsManager] exe4j.moduleName = C:\Program Files\Neo4j CE 2.3.1\bin\neo4j-ce.exe
2016-01-16 14:46:55.786+0000 INFO  [o.n.k.i.DiagnosticsManager] exe4j.semaphoreName = Local\c:_program_files_neo4j_ce_2.3.1_bin_neo4j-ce.exe
2016-01-16 14:46:55.786+0000 INFO  [o.n.k.i.DiagnosticsManager] sun.boot.library.path = c:\program files\java\jdk1.7.0_51\jre\bin
2016-01-16 14:46:55.786+0000 INFO  [o.n.k.i.DiagnosticsManager] user.country.format = RS
2016-01-16 14:46:55.786+0000 INFO  [o.n.k.i.DiagnosticsManager] exe4j.consoleCodepage = cp0
2016-01-16 14:46:55.786+0000 INFO  [o.n.k.i.DiagnosticsManager] path.separator = ;
2016-01-16 14:46:55.786+0000 INFO  [o.n.k.i.DiagnosticsManager] file.encoding.pkg = sun.io
2016-01-16 14:46:55.786+0000 INFO  [o.n.k.i.DiagnosticsManager] user.country = US
2016-01-16 14:46:55.786+0000 INFO  [o.n.k.i.DiagnosticsManager] user.script = 
2016-01-16 14:46:55.786+0000 INFO  [o.n.k.i.DiagnosticsManager] sun.os.patch.level = 
2016-01-16 14:46:55.786+0000 INFO  [o.n.k.i.DiagnosticsManager] install4j.exeDir = C:\Program Files\Neo4j CE 2.3.1\bin\
2016-01-16 14:46:55.786+0000 INFO  [o.n.k.i.DiagnosticsManager] user.dir = C:\Program Files\Neo4j CE 2.3.1\bin
2016-01-16 14:46:55.786+0000 INFO  [o.n.k.i.DiagnosticsManager] neo4j.ext.udc.source = desktop
2016-01-16 14:46:55.786+0000 INFO  [o.n.k.i.DiagnosticsManager] user.script.format = Latn
2016-01-16 14:46:55.786+0000 INFO  [o.n.k.i.DiagnosticsManager] user.variant = 
2016-01-16 14:46:55.786+0000 INFO  [o.n.k.i.DiagnosticsManager] exe4j.tempDir = 
2016-01-16 14:46:55.786+0000 INFO  [o.n.k.i.DiagnosticsManager] sun.jnu.encoding = Cp1252
2016-01-16 14:46:55.786+0000 INFO  [o.n.k.i.DiagnosticsManager] sun.awt.enableExtraMouseButtons = true
2016-01-16 14:46:55.786+0000 INFO  [o.n.k.i.DiagnosticsManager] install4j.launcherId = 24
2016-01-16 14:46:55.786+0000 INFO  [o.n.k.i.DiagnosticsManager] sun.management.compiler = HotSpot 64-Bit Tiered Compilers
2016-01-16 14:46:55.786+0000 INFO  [o.n.k.i.DiagnosticsManager] exe4j.isInstall4j = true
2016-01-16 14:46:55.786+0000 INFO  [o.n.k.i.DiagnosticsManager] install4j.swt = false
2016-01-16 14:46:55.787+0000 INFO  [o.n.k.i.DiagnosticsManager] user.home = C:\Users\Neca
2016-01-16 14:46:55.787+0000 INFO  [o.n.k.i.DiagnosticsManager] user.timezone = Europe/Prague
2016-01-16 14:46:55.787+0000 INFO  [o.n.k.i.DiagnosticsManager] file.encoding = Cp1252
2016-01-16 14:46:55.787+0000 INFO  [o.n.k.i.DiagnosticsManager] user.name = Neca
2016-01-16 14:46:55.787+0000 INFO  [o.n.k.i.DiagnosticsManager] sun.java.command = C:\Program Files\Neo4j CE 2.3.1\bin\neo4j-ce.exe
2016-01-16 14:46:55.787+0000 INFO  [o.n.k.i.DiagnosticsManager] sun.arch.data.model = 64
2016-01-16 14:46:55.787+0000 INFO  [o.n.k.i.DiagnosticsManager] exe4j.launchName = C:\Program Files\Neo4j CE 2.3.1\bin\neo4j-ce.exe
2016-01-16 14:46:55.787+0000 INFO  [o.n.k.i.DiagnosticsManager] user.language = en
2016-01-16 14:46:55.787+0000 INFO  [o.n.k.i.DiagnosticsManager] user.language.format = sr
2016-01-16 14:46:55.787+0000 INFO  [o.n.k.i.DiagnosticsManager] awt.toolkit = sun.awt.windows.WToolkit
2016-01-16 14:46:55.787+0000 INFO  [o.n.k.i.DiagnosticsManager] exe4j.unextractedPosition = 0
2016-01-16 14:46:55.787+0000 INFO  [o.n.k.i.DiagnosticsManager] install4j.appDir = C:\Program Files\Neo4j CE 2.3.1\
2016-01-16 14:46:55.787+0000 INFO  [o.n.k.i.DiagnosticsManager] file.separator = \
2016-01-16 14:46:55.787+0000 INFO  [o.n.k.i.DiagnosticsManager] sun.io.unicode.encoding = UnicodeLittle
2016-01-16 14:46:55.787+0000 INFO  [o.n.k.i.DiagnosticsManager] sun.cpu.endian = little
2016-01-16 14:46:55.787+0000 INFO  [o.n.k.i.DiagnosticsManager] sun.desktop = windows
2016-01-16 14:46:55.787+0000 INFO  [o.n.k.i.DiagnosticsManager] sun.cpu.isalist = amd64
2016-01-16 14:46:55.787+0000 INFO  [o.n.k.i.DiagnosticsManager] Network information:
2016-01-16 14:46:55.849+0000 INFO  [o.n.k.i.DiagnosticsManager] Interface Software Loopback Interface 1:
2016-01-16 14:46:55.850+0000 INFO  [o.n.k.i.DiagnosticsManager]     address: 127.0.0.1
2016-01-16 14:46:55.850+0000 INFO  [o.n.k.i.DiagnosticsManager]     address: 0:0:0:0:0:0:0:1
2016-01-16 14:46:55.850+0000 INFO  [o.n.k.i.DiagnosticsManager] Interface Microsoft ISATAP Adapter:
2016-01-16 14:46:55.850+0000 INFO  [o.n.k.i.DiagnosticsManager] Interface Microsoft Virtual WiFi Miniport Adapter #2:
2016-01-16 14:46:55.850+0000 INFO  [o.n.k.i.DiagnosticsManager] Interface WAN Miniport (L2TP):
2016-01-16 14:46:55.850+0000 INFO  [o.n.k.i.DiagnosticsManager] Interface Microsoft Hosted Network Virtual Adapter:
2016-01-16 14:46:55.850+0000 INFO  [o.n.k.i.DiagnosticsManager]     address: fe80:0:0:0:417e:ae2c:c2ed:6503%5
2016-01-16 14:46:55.850+0000 INFO  [o.n.k.i.DiagnosticsManager] Interface Microsoft Teredo Tunneling Adapter:
2016-01-16 14:46:55.850+0000 INFO  [o.n.k.i.DiagnosticsManager]     address: 2001:0:9d38:6abd:3046:9112:a3c3:1e69
2016-01-16 14:46:55.850+0000 INFO  [o.n.k.i.DiagnosticsManager]     address: fe80:0:0:0:3046:9112:a3c3:1e69%6
2016-01-16 14:46:55.850+0000 INFO  [o.n.k.i.DiagnosticsManager] Interface Intel(R) Centrino(R) Wireless-N 1030:
2016-01-16 14:46:55.851+0000 INFO  [o.n.k.i.DiagnosticsManager]     address: 192.168.0.108
2016-01-16 14:46:55.851+0000 INFO  [o.n.k.i.DiagnosticsManager]     address: fe80:0:0:0:6583:5bde:80e3:f0dd%7
2016-01-16 14:46:55.851+0000 INFO  [o.n.k.i.DiagnosticsManager] Interface TP-LINK 150Mbps Wireless Lite N Adapter:
2016-01-16 14:46:55.851+0000 INFO  [o.n.k.i.DiagnosticsManager] Interface WAN Miniport (IPv6):
2016-01-16 14:46:55.851+0000 INFO  [o.n.k.i.DiagnosticsManager] Interface WAN Miniport (SSTP):
2016-01-16 14:46:55.851+0000 INFO  [o.n.k.i.DiagnosticsManager] Interface WAN Miniport (IP):
2016-01-16 14:46:55.851+0000 INFO  [o.n.k.i.DiagnosticsManager] Interface WAN Miniport (IKEv2):
2016-01-16 14:46:55.851+0000 INFO  [o.n.k.i.DiagnosticsManager] Interface Microsoft 6to4 Adapter:
2016-01-16 14:46:55.851+0000 INFO  [o.n.k.i.DiagnosticsManager] Interface Microsoft Kernel Debug Network Adapter:
2016-01-16 14:46:55.851+0000 INFO  [o.n.k.i.DiagnosticsManager] Interface HTC Remote NDIS based Device:
2016-01-16 14:46:55.851+0000 INFO  [o.n.k.i.DiagnosticsManager] Interface Realtek PCIe GBE Family Controller:
2016-01-16 14:46:55.851+0000 INFO  [o.n.k.i.DiagnosticsManager]     address: fe80:0:0:0:19ff:7b5c:7b57:c757%16
2016-01-16 14:46:55.852+0000 INFO  [o.n.k.i.DiagnosticsManager] Interface Bluetooth Device (RFCOMM Protocol TDI):
2016-01-16 14:46:55.852+0000 INFO  [o.n.k.i.DiagnosticsManager] Interface Microsoft Virtual WiFi Miniport Adapter #3:
2016-01-16 14:46:55.852+0000 INFO  [o.n.k.i.DiagnosticsManager] Interface Remote NDIS based Internet Sharing Device #2:
2016-01-16 14:46:55.852+0000 INFO  [o.n.k.i.DiagnosticsManager] Interface VirtualBox Host-Only Ethernet Adapter:
2016-01-16 14:46:55.852+0000 INFO  [o.n.k.i.DiagnosticsManager] Interface WAN Miniport (PPPOE):
2016-01-16 14:46:55.852+0000 INFO  [o.n.k.i.DiagnosticsManager] Interface Bluetooth Device (Personal Area Network):
2016-01-16 14:46:55.852+0000 INFO  [o.n.k.i.DiagnosticsManager] Interface WAN Miniport (Network Monitor):
2016-01-16 14:46:55.852+0000 INFO  [o.n.k.i.DiagnosticsManager] Interface Remote NDIS based Internet Sharing Device:
2016-01-16 14:46:55.852+0000 INFO  [o.n.k.i.DiagnosticsManager] Interface Microsoft Virtual WiFi Miniport Adapter:
2016-01-16 14:46:55.852+0000 INFO  [o.n.k.i.DiagnosticsManager] Interface WAN Miniport (PPTP):
2016-01-16 14:46:55.852+0000 INFO  [o.n.k.i.DiagnosticsManager] Interface Microsoft ISATAP Adapter #2:
2016-01-16 14:46:55.852+0000 INFO  [o.n.k.i.DiagnosticsManager]     address: fe80:0:0:0:0:5efe:c0a8:6c%27
2016-01-16 14:46:55.852+0000 INFO  [o.n.k.i.DiagnosticsManager] Interface Realtek PCIe GBE Family Controller-WFP Native MAC Layer LightWeight Filter-0000:
2016-01-16 14:46:55.853+0000 INFO  [o.n.k.i.DiagnosticsManager] Interface Realtek PCIe GBE Family Controller-Epfw NDIS LightWeight Filter-0000:
2016-01-16 14:46:55.853+0000 INFO  [o.n.k.i.DiagnosticsManager] Interface Realtek PCIe GBE Family Controller-NetBalancer NDIS LightWeight Filter-0000:
2016-01-16 14:46:55.853+0000 INFO  [o.n.k.i.DiagnosticsManager] Interface Realtek PCIe GBE Family Controller-QoS Packet Scheduler-0000:
2016-01-16 14:46:55.853+0000 INFO  [o.n.k.i.DiagnosticsManager] Interface Realtek PCIe GBE Family Controller-WFP 802.3 MAC Layer LightWeight Filter-0000:
2016-01-16 14:46:55.853+0000 INFO  [o.n.k.i.DiagnosticsManager] Interface Intel(R) Centrino(R) Wireless-N 1030-WFP Native MAC Layer LightWeight Filter-0000:
2016-01-16 14:46:55.853+0000 INFO  [o.n.k.i.DiagnosticsManager] Interface Intel(R) Centrino(R) Wireless-N 1030-Virtual WiFi Filter Driver-0000:
2016-01-16 14:46:55.853+0000 INFO  [o.n.k.i.DiagnosticsManager] Interface Intel(R) Centrino(R) Wireless-N 1030-Native WiFi Filter Driver-0000:
2016-01-16 14:46:55.853+0000 INFO  [o.n.k.i.DiagnosticsManager] Interface Intel(R) Centrino(R) Wireless-N 1030-Epfw NDIS LightWeight Filter-0000:
2016-01-16 14:46:55.853+0000 INFO  [o.n.k.i.DiagnosticsManager] Interface Intel(R) Centrino(R) Wireless-N 1030-NetBalancer NDIS LightWeight Filter-0000:
2016-01-16 14:46:55.853+0000 INFO  [o.n.k.i.DiagnosticsManager] Interface Intel(R) Centrino(R) Wireless-N 1030-QoS Packet Scheduler-0000:
2016-01-16 14:46:55.853+0000 INFO  [o.n.k.i.DiagnosticsManager] Interface Intel(R) Centrino(R) Wireless-N 1030-WFP 802.3 MAC Layer LightWeight Filter-0000:
2016-01-16 14:46:55.853+0000 INFO  [o.n.k.i.DiagnosticsManager] Interface Microsoft Hosted Network Virtual Adapter-WFP Native MAC Layer LightWeight Filter-0000:
2016-01-16 14:46:55.854+0000 INFO  [o.n.k.i.DiagnosticsManager] Interface Microsoft Hosted Network Virtual Adapter-Native WiFi Filter Driver-0000:
2016-01-16 14:46:55.854+0000 INFO  [o.n.k.i.DiagnosticsManager] Interface Microsoft Hosted Network Virtual Adapter-Epfw NDIS LightWeight Filter-0000:
2016-01-16 14:46:55.854+0000 INFO  [o.n.k.i.DiagnosticsManager] Interface Microsoft Hosted Network Virtual Adapter-NetBalancer NDIS LightWeight Filter-0000:
2016-01-16 14:46:55.854+0000 INFO  [o.n.k.i.DiagnosticsManager] Interface Microsoft Hosted Network Virtual Adapter-QoS Packet Scheduler-0000:
2016-01-16 14:46:55.854+0000 INFO  [o.n.k.i.DiagnosticsManager] Interface Microsoft Hosted Network Virtual Adapter-WFP 802.3 MAC Layer LightWeight Filter-0000:
2016-01-16 14:46:55.854+0000 INFO  [o.n.k.i.DiagnosticsManager] --- INITIALIZED diagnostics END ---
2016-01-16 14:46:56.571+0000 INFO  [o.n.k.a.i.i.LuceneLabelScanStore] No lucene scan store index found, this might just be first use. Preparing to rebuild.
2016-01-16 14:46:56.652+0000 INFO  [o.n.k.NeoStoreDataSource] Opened logical log [C:\Users\Neca\Documents\Neo4j\default.graphdb\neostore.transaction.db.0] version=0, lastTxId=1 (clean)
2016-01-16 14:46:56.665+0000 WARN  [o.n.k.i.s.MetaDataStore] Missing counts store, rebuilding it.
2016-01-16 14:46:56.815+0000 INFO  [o.n.k.a.i.i.LuceneLabelScanStore] Rebuilding lucene scan store, this may take a while
2016-01-16 14:46:56.817+0000 INFO  [o.n.k.a.i.i.LuceneLabelScanStore] Lucene scan store rebuilt (roughly -1 nodes)
2016-01-16 14:46:56.823+0000 INFO  [o.n.k.KernelHealth] Kernel health set to OK
2016-01-16 14:46:58.426+0000 INFO  [o.n.k.AvailabilityGuard] Fulfilling of requirement makes database available: Database available
2016-01-16 14:46:58.427+0000 INFO  [o.n.k.i.f.CommunityFacadeFactory] Database is now ready
2016-01-16 14:46:58.429+0000 INFO  [o.n.k.i.DiagnosticsManager] --- STARTED diagnostics for KernelDiagnostics:Versions START ---
2016-01-16 14:46:58.430+0000 INFO  [o.n.k.i.DiagnosticsManager] Graph Database: Community StoreId{creationTime=1452955616402, randomId=4670875839627969075, storeVersion=15250506225055238, upgradeTime=1452955616402, upgradeId=1}
2016-01-16 14:46:58.430+0000 INFO  [o.n.k.i.DiagnosticsManager] Kernel version: 2.3.1
2016-01-16 14:46:58.431+0000 INFO  [o.n.k.i.DiagnosticsManager] --- STARTED diagnostics for KernelDiagnostics:Versions END ---
2016-01-16 14:46:58.435+0000 INFO  [o.n.k.i.DiagnosticsManager] --- STARTED diagnostics for NEO_STORE_VERSIONS START ---
2016-01-16 14:46:58.436+0000 INFO  [o.n.k.i.DiagnosticsManager] Store versions:
2016-01-16 14:46:58.436+0000 INFO  [o.n.k.i.DiagnosticsManager] Store versions:
2016-01-16 14:46:58.437+0000 INFO  [o.n.k.i.DiagnosticsManager] ArrayPropertyStore v0.A.6
2016-01-16 14:46:58.437+0000 INFO  [o.n.k.i.DiagnosticsManager] NodeStore v0.A.6
2016-01-16 14:46:58.438+0000 INFO  [o.n.k.i.DiagnosticsManager] StringPropertyStore v0.A.6
2016-01-16 14:46:58.438+0000 INFO  [o.n.k.i.DiagnosticsManager] PropertyIndexStore v0.A.6
2016-01-16 14:46:58.438+0000 INFO  [o.n.k.i.DiagnosticsManager] StringPropertyStore v0.A.6
2016-01-16 14:46:58.439+0000 INFO  [o.n.k.i.DiagnosticsManager] ArrayPropertyStore v0.A.6
2016-01-16 14:46:58.439+0000 INFO  [o.n.k.i.DiagnosticsManager] PropertyStore v0.A.6
2016-01-16 14:46:58.439+0000 INFO  [o.n.k.i.DiagnosticsManager] RelationshipStore v0.A.6
2016-01-16 14:46:58.440+0000 INFO  [o.n.k.i.DiagnosticsManager] StringPropertyStore v0.A.6
2016-01-16 14:46:58.440+0000 INFO  [o.n.k.i.DiagnosticsManager] RelationshipTypeStore v0.A.6
2016-01-16 14:46:58.440+0000 INFO  [o.n.k.i.DiagnosticsManager] StringPropertyStore v0.A.6
2016-01-16 14:46:58.441+0000 INFO  [o.n.k.i.DiagnosticsManager] LabelTokenStore v0.A.6
2016-01-16 14:46:58.441+0000 INFO  [o.n.k.i.DiagnosticsManager] SchemaStore v0.A.6
2016-01-16 14:46:58.442+0000 INFO  [o.n.k.i.DiagnosticsManager] RelationshipGroupStore v0.A.6
2016-01-16 14:46:58.442+0000 INFO  [o.n.k.i.DiagnosticsManager] NeoStore v0.A.6
2016-01-16 14:46:58.443+0000 INFO  [o.n.k.i.DiagnosticsManager] --- STARTED diagnostics for NEO_STORE_VERSIONS END ---
2016-01-16 14:46:58.443+0000 INFO  [o.n.k.i.DiagnosticsManager] --- STARTED diagnostics for NEO_STORE_ID_USAGE START ---
2016-01-16 14:46:58.443+0000 INFO  [o.n.k.i.DiagnosticsManager] Id usage:
2016-01-16 14:46:58.444+0000 INFO  [o.n.k.i.DiagnosticsManager] Id usage:
2016-01-16 14:46:58.445+0000 INFO  [o.n.k.i.DiagnosticsManager]   ArrayPropertyStore v0.A.6: used=1 high=0
2016-01-16 14:46:58.445+0000 INFO  [o.n.k.i.DiagnosticsManager]   NodeStore v0.A.6: used=0 high=-1
2016-01-16 14:46:58.446+0000 INFO  [o.n.k.i.DiagnosticsManager]   StringPropertyStore v0.A.6: used=1 high=0
2016-01-16 14:46:58.446+0000 INFO  [o.n.k.i.DiagnosticsManager]   PropertyIndexStore v0.A.6: used=0 high=-1
2016-01-16 14:46:58.447+0000 INFO  [o.n.k.i.DiagnosticsManager]   StringPropertyStore v0.A.6: used=1 high=0
2016-01-16 14:46:58.447+0000 INFO  [o.n.k.i.DiagnosticsManager]   ArrayPropertyStore v0.A.6: used=1 high=0
2016-01-16 14:46:58.448+0000 INFO  [o.n.k.i.DiagnosticsManager]   PropertyStore v0.A.6: used=0 high=-1
2016-01-16 14:46:58.449+0000 INFO  [o.n.k.i.DiagnosticsManager]   RelationshipStore v0.A.6: used=0 high=-1
2016-01-16 14:46:58.449+0000 INFO  [o.n.k.i.DiagnosticsManager]   StringPropertyStore v0.A.6: used=1 high=0
2016-01-16 14:46:58.450+0000 INFO  [o.n.k.i.DiagnosticsManager]   RelationshipTypeStore v0.A.6: used=0 high=-1
2016-01-16 14:46:58.450+0000 INFO  [o.n.k.i.DiagnosticsManager]   StringPropertyStore v0.A.6: used=1 high=0
2016-01-16 14:46:58.451+0000 INFO  [o.n.k.i.DiagnosticsManager]   LabelTokenStore v0.A.6: used=0 high=-1
2016-01-16 14:46:58.452+0000 INFO  [o.n.k.i.DiagnosticsManager]   SchemaStore v0.A.6: used=1 high=0
2016-01-16 14:46:58.453+0000 INFO  [o.n.k.i.DiagnosticsManager]   RelationshipGroupStore v0.A.6: used=1 high=0
2016-01-16 14:46:58.453+0000 INFO  [o.n.k.i.DiagnosticsManager]   NeoStore v0.A.6: used=13 high=12
2016-01-16 14:46:58.454+0000 INFO  [o.n.k.i.DiagnosticsManager] --- STARTED diagnostics for NEO_STORE_ID_USAGE END ---
2016-01-16 14:46:58.454+0000 INFO  [o.n.k.i.DiagnosticsManager] --- STARTED diagnostics for NEO_STORE_RECORDS START ---
2016-01-16 14:46:58.454+0000 INFO  [o.n.k.i.DiagnosticsManager] Neostore records:
2016-01-16 14:46:58.457+0000 INFO  [o.n.k.i.DiagnosticsManager] TIME (Creation time): 1452955616402
2016-01-16 14:46:58.458+0000 INFO  [o.n.k.i.DiagnosticsManager] RANDOM_NUMBER (Random number for store id): 4670875839627969075
2016-01-16 14:46:58.458+0000 INFO  [o.n.k.i.DiagnosticsManager] LOG_VERSION (Current log version): 0
2016-01-16 14:46:58.459+0000 INFO  [o.n.k.i.DiagnosticsManager] LAST_TRANSACTION_ID (Last committed transaction): 1
2016-01-16 14:46:58.460+0000 INFO  [o.n.k.i.DiagnosticsManager] STORE_VERSION (Store format version): 15250506225055238
2016-01-16 14:46:58.461+0000 INFO  [o.n.k.i.DiagnosticsManager] FIRST_GRAPH_PROPERTY (First property record containing graph properties): -1
2016-01-16 14:46:58.462+0000 INFO  [o.n.k.i.DiagnosticsManager] LAST_CONSTRAINT_TRANSACTION (Last committed transaction containing constraint changes): 0
2016-01-16 14:46:58.463+0000 INFO  [o.n.k.i.DiagnosticsManager] UPGRADE_TRANSACTION_ID (Transaction id most recent upgrade was performed at): 1
2016-01-16 14:46:58.464+0000 INFO  [o.n.k.i.DiagnosticsManager] UPGRADE_TIME (Time of last upgrade): 1452955616402
2016-01-16 14:46:58.464+0000 INFO  [o.n.k.i.DiagnosticsManager] LAST_TRANSACTION_CHECKSUM (Checksum of last committed transaction): 0
2016-01-16 14:46:58.465+0000 INFO  [o.n.k.i.DiagnosticsManager] UPGRADE_TRANSACTION_CHECKSUM (Checksum of transaction id the most recent upgrade was performed at): 0
2016-01-16 14:46:58.466+0000 INFO  [o.n.k.i.DiagnosticsManager] LAST_CLOSED_TRANSACTION_LOG_VERSION (Log version where the last transaction commit entry has been written into): 0
2016-01-16 14:46:58.467+0000 INFO  [o.n.k.i.DiagnosticsManager] LAST_CLOSED_TRANSACTION_LOG_BYTE_OFFSET (Byte offset in the log file where the last transaction commit entry has been written into): 16
2016-01-16 14:46:58.469+0000 INFO  [o.n.k.i.DiagnosticsManager] --- STARTED diagnostics for NEO_STORE_RECORDS END ---
2016-01-16 14:46:58.469+0000 INFO  [o.n.k.i.DiagnosticsManager] --- STARTED diagnostics for TRANSACTION_RANGE START ---
2016-01-16 14:46:58.470+0000 INFO  [o.n.k.i.DiagnosticsManager] Transaction log:
2016-01-16 14:46:58.473+0000 INFO  [o.n.k.i.DiagnosticsManager] No transactions found in any log
2016-01-16 14:46:58.474+0000 INFO  [o.n.k.i.DiagnosticsManager] --- STARTED diagnostics for TRANSACTION_RANGE END ---
2016-01-16 14:46:58.475+0000 INFO  [o.n.k.i.DiagnosticsManager] --- STARTED diagnostics for KernelDiagnostics:StoreFiles START ---
2016-01-16 14:46:58.481+0000 INFO  [o.n.k.i.DiagnosticsManager] Disk space on partition (Total / Free / Free %): 115488059392 / 20124954624 / 17
Storage files: (filename : modification date - size)
2016-01-16 14:46:58.484+0000 INFO  [o.n.k.i.DiagnosticsManager]   dbms:
2016-01-16 14:46:58.484+0000 INFO  [o.n.k.i.DiagnosticsManager]     ssl:
2016-01-16 14:46:58.486+0000 INFO  [o.n.k.i.DiagnosticsManager]       snakeoil.cert: 2016-01-16T15:46:55+0100 - 630.00 B
2016-01-16 14:46:58.487+0000 INFO  [o.n.k.i.DiagnosticsManager]       snakeoil.key: 2016-01-16T15:46:55+0100 - 914.00 B
2016-01-16 14:46:58.488+0000 INFO  [o.n.k.i.DiagnosticsManager]     - Total: 2016-01-16T15:46:55+0100 - 1.51 kB
2016-01-16 14:46:58.489+0000 INFO  [o.n.k.i.DiagnosticsManager]   - Total: 2016-01-16T15:46:55+0100 - 1.51 kB
2016-01-16 14:46:58.490+0000 INFO  [o.n.k.i.DiagnosticsManager]   index:
2016-01-16 14:46:58.492+0000 INFO  [o.n.k.i.DiagnosticsManager]   - Total: 2016-01-16T15:46:56+0100 - 0.00 B
2016-01-16 14:46:58.496+0000 INFO  [o.n.k.i.DiagnosticsManager]   messages.log: 2016-01-16T15:46:56+0100 - 32.70 kB
2016-01-16 14:46:58.497+0000 INFO  [o.n.k.i.DiagnosticsManager]   neo4j.properties: 2016-01-16T15:46:54+0100 - 1.30 kB
2016-01-16 14:46:58.498+0000 INFO  [o.n.k.i.DiagnosticsManager]   neostore: 2016-01-16T15:46:56+0100 - 8.00 kB
2016-01-16 14:46:58.500+0000 INFO  [o.n.k.i.DiagnosticsManager]   neostore.counts.db.a: 2016-01-16T15:46:56+0100 - 96.00 B
2016-01-16 14:46:58.500+0000 INFO  [o.n.k.i.DiagnosticsManager]   neostore.id: 2016-01-16T15:46:56+0100 - 9.00 B
2016-01-16 14:46:58.501+0000 INFO  [o.n.k.i.DiagnosticsManager]   neostore.labeltokenstore.db: 2016-01-16T15:46:56+0100 - 0.00 B
2016-01-16 14:46:58.502+0000 INFO  [o.n.k.i.DiagnosticsManager]   neostore.labeltokenstore.db.id: 2016-01-16T15:46:56+0100 - 9.00 B
2016-01-16 14:46:58.504+0000 INFO  [o.n.k.i.DiagnosticsManager]   neostore.labeltokenstore.db.names: 2016-01-16T15:46:56+0100 - 8.00 kB
2016-01-16 14:46:58.505+0000 INFO  [o.n.k.i.DiagnosticsManager]   neostore.labeltokenstore.db.names.id: 2016-01-16T15:46:56+0100 - 9.00 B
2016-01-16 14:46:58.507+0000 INFO  [o.n.k.i.DiagnosticsManager]   neostore.nodestore.db: 2016-01-16T15:46:56+0100 - 0.00 B
2016-01-16 14:46:58.508+0000 INFO  [o.n.k.i.DiagnosticsManager]   neostore.nodestore.db.id: 2016-01-16T15:46:56+0100 - 9.00 B
2016-01-16 14:46:58.509+0000 INFO  [o.n.k.i.DiagnosticsManager]   neostore.nodestore.db.labels: 2016-01-16T15:46:56+0100 - 8.00 kB
2016-01-16 14:46:58.509+0000 INFO  [o.n.k.i.DiagnosticsManager]   neostore.nodestore.db.labels.id: 2016-01-16T15:46:56+0100 - 9.00 B
2016-01-16 14:46:58.510+0000 INFO  [o.n.k.i.DiagnosticsManager]   neostore.propertystore.db: 2016-01-16T15:46:56+0100 - 0.00 B
2016-01-16 14:46:58.511+0000 INFO  [o.n.k.i.DiagnosticsManager]   neostore.propertystore.db.arrays: 2016-01-16T15:46:56+0100 - 8.00 kB
2016-01-16 14:46:58.512+0000 INFO  [o.n.k.i.DiagnosticsManager]   neostore.propertystore.db.arrays.id: 2016-01-16T15:46:56+0100 - 9.00 B
2016-01-16 14:46:58.512+0000 INFO  [o.n.k.i.DiagnosticsManager]   neostore.propertystore.db.id: 2016-01-16T15:46:56+0100 - 9.00 B
2016-01-16 14:46:58.513+0000 INFO  [o.n.k.i.DiagnosticsManager]   neostore.propertystore.db.index: 2016-01-16T15:46:56+0100 - 0.00 B
2016-01-16 14:46:58.514+0000 INFO  [o.n.k.i.DiagnosticsManager]   neostore.propertystore.db.index.id: 2016-01-16T15:46:56+0100 - 9.00 B
2016-01-16 14:46:58.514+0000 INFO  [o.n.k.i.DiagnosticsManager]   neostore.propertystore.db.index.keys: 2016-01-16T15:46:56+0100 - 8.00 kB
2016-01-16 14:46:58.515+0000 INFO  [o.n.k.i.DiagnosticsManager]   neostore.propertystore.db.index.keys.id: 2016-01-16T15:46:56+0100 - 9.00 B
2016-01-16 14:46:58.516+0000 INFO  [o.n.k.i.DiagnosticsManager]   neostore.propertystore.db.strings: 2016-01-16T15:46:56+0100 - 8.00 kB
2016-01-16 14:46:58.516+0000 INFO  [o.n.k.i.DiagnosticsManager]   neostore.propertystore.db.strings.id: 2016-01-16T15:46:56+0100 - 9.00 B
2016-01-16 14:46:58.517+0000 INFO  [o.n.k.i.DiagnosticsManager]   neostore.relationshipgroupstore.db: 2016-01-16T15:46:56+0100 - 8.00 kB
2016-01-16 14:46:58.518+0000 INFO  [o.n.k.i.DiagnosticsManager]   neostore.relationshipgroupstore.db.id: 2016-01-16T15:46:56+0100 - 9.00 B
2016-01-16 14:46:58.519+0000 INFO  [o.n.k.i.DiagnosticsManager]   neostore.relationshipstore.db: 2016-01-16T15:46:56+0100 - 0.00 B
2016-01-16 14:46:58.520+0000 INFO  [o.n.k.i.DiagnosticsManager]   neostore.relationshipstore.db.id: 2016-01-16T15:46:56+0100 - 9.00 B
2016-01-16 14:46:58.521+0000 INFO  [o.n.k.i.DiagnosticsManager]   neostore.relationshiptypestore.db: 2016-01-16T15:46:56+0100 - 0.00 B
2016-01-16 14:46:58.523+0000 INFO  [o.n.k.i.DiagnosticsManager]   neostore.relationshiptypestore.db.id: 2016-01-16T15:46:56+0100 - 9.00 B
2016-01-16 14:46:58.524+0000 INFO  [o.n.k.i.DiagnosticsManager]   neostore.relationshiptypestore.db.names: 2016-01-16T15:46:56+0100 - 8.00 kB
2016-01-16 14:46:58.525+0000 INFO  [o.n.k.i.DiagnosticsManager]   neostore.relationshiptypestore.db.names.id: 2016-01-16T15:46:56+0100 - 9.00 B
2016-01-16 14:46:58.527+0000 INFO  [o.n.k.i.DiagnosticsManager]   neostore.schemastore.db: 2016-01-16T15:46:56+0100 - 8.00 kB
2016-01-16 14:46:58.527+0000 INFO  [o.n.k.i.DiagnosticsManager]   neostore.schemastore.db.id: 2016-01-16T15:46:56+0100 - 9.00 B
2016-01-16 14:46:58.528+0000 INFO  [o.n.k.i.DiagnosticsManager]   neostore.transaction.db.0: 2016-01-16T15:46:56+0100 - 16.00 B
2016-01-16 14:46:58.529+0000 INFO  [o.n.k.i.DiagnosticsManager]   schema:
2016-01-16 14:46:58.529+0000 INFO  [o.n.k.i.DiagnosticsManager]     label:
2016-01-16 14:46:58.530+0000 INFO  [o.n.k.i.DiagnosticsManager]       lucene:
2016-01-16 14:46:58.531+0000 INFO  [o.n.k.i.DiagnosticsManager]         write.lock: 2016-01-16T15:46:56+0100 - 0.00 B
2016-01-16 14:46:58.532+0000 INFO  [o.n.k.i.DiagnosticsManager]       - Total: 2016-01-16T15:46:56+0100 - 0.00 B
2016-01-16 14:46:58.532+0000 INFO  [o.n.k.i.DiagnosticsManager]     - Total: 2016-01-16T15:46:56+0100 - 0.00 B
2016-01-16 14:46:58.533+0000 INFO  [o.n.k.i.DiagnosticsManager]   - Total: 2016-01-16T15:46:56+0100 - 0.00 B
2016-01-16 14:46:58.534+0000 INFO  [o.n.k.i.DiagnosticsManager]   store_lock: 2016-01-16T15:46:55+0100 - 0.00 B
2016-01-16 14:46:58.534+0000 INFO  [o.n.k.i.DiagnosticsManager] --- STARTED diagnostics for KernelDiagnostics:StoreFiles END ---
2016-01-16 14:46:59.969+0000 INFO  [o.n.k.i.DiagnosticsManager] --- SERVER STARTED START ---
2016-01-16 14:47:02.038+0000 INFO  [o.n.k.i.DiagnosticsManager] --- SERVER STARTED END ---
2016-01-16 14:51:11.310+0000 INFO  [o.n.c.i.ServerExecutionEngine] Discarded stale query from the query cache: CYPHER 2.3 MATCH (n:Radnik)
RETURN max(n.id)
2016-01-16 14:51:11.311+0000 INFO  [o.n.c.i.CypherCompiler] Discarded stale query from the query cache: Query(None,SingleQuery(List(Match(false,Pattern(List(EveryPath(NodePattern(Some(Identifier(n)),List(),None,false)))),List(),Some(Where(HasLabels(Identifier(n),List(LabelName(Radnik)))))), Return(false,ReturnItems(false,List(AliasedReturnItem(FunctionInvocation(FunctionName(max),false,Vector(Property(Identifier(n),PropertyKeyName(id)))),Identifier(max(n.id))))),None,None,None))))
2016-01-16 14:51:56.850+0000 INFO  [o.n.k.i.t.l.c.CheckPointerImpl] Check Pointing triggered by scheduler for time threshold [10]:  Starting check pointing...
2016-01-16 14:51:56.851+0000 INFO  [o.n.k.i.t.l.c.CheckPointerImpl] Check Pointing triggered by scheduler for time threshold [10]:  Starting store flush...
2016-01-16 14:51:56.987+0000 INFO  [o.n.k.i.s.c.CountsTracker] About to rotate counts store at transaction 10 to [C:\Users\Neca\Documents\Neo4j\default.graphdb\neostore.counts.db.b], from [C:\Users\Neca\Documents\Neo4j\default.graphdb\neostore.counts.db.a].
2016-01-16 14:51:56.999+0000 INFO  [o.n.k.i.s.c.CountsTracker] Successfully rotated counts store at transaction 10 to [C:\Users\Neca\Documents\Neo4j\default.graphdb\neostore.counts.db.b], from [C:\Users\Neca\Documents\Neo4j\default.graphdb\neostore.counts.db.a].
2016-01-16 14:51:57.036+0000 INFO  [o.n.k.i.t.l.c.CheckPointerImpl] Check Pointing triggered by scheduler for time threshold [10]:  Store flush completed
2016-01-16 14:51:57.037+0000 INFO  [o.n.k.i.t.l.c.CheckPointerImpl] Check Pointing triggered by scheduler for time threshold [10]:  Starting appending check point entry into the tx log...
2016-01-16 14:51:57.041+0000 INFO  [o.n.k.i.t.l.c.CheckPointerImpl] Check Pointing triggered by scheduler for time threshold [10]:  Appending check point entry into the tx log completed
2016-01-16 14:51:57.041+0000 INFO  [o.n.k.i.t.l.c.CheckPointerImpl] Check Pointing triggered by scheduler for time threshold [10]:  Check pointing completed
2016-01-16 14:51:57.042+0000 INFO  [o.n.k.i.t.l.p.LogPruningImpl] Log Rotation [0]:  Starting log pruning.
2016-01-16 14:51:57.042+0000 INFO  [o.n.k.i.t.l.p.LogPruningImpl] Log Rotation [0]:  Log pruning complete.
2016-01-16 14:54:50.441+0000 INFO  [o.n.c.i.ServerExecutionEngine] Discarded stale query from the query cache: CYPHER 2.3 MATCH (n:Radnik) RETURN n LIMIT 25
2016-01-16 14:54:50.444+0000 INFO  [o.n.c.i.CypherCompiler] Discarded stale query from the query cache: Query(None,SingleQuery(List(Match(false,Pattern(List(EveryPath(NodePattern(Some(Identifier(n)),List(),None,false)))),List(),Some(Where(HasLabels(Identifier(n),List(LabelName(Radnik)))))), Return(false,ReturnItems(false,List(AliasedReturnItem(Identifier(n),Identifier(n)))),None,None,Some(Limit(SignedDecimalIntegerLiteral(25)))))))
2016-01-16 14:55:33.511+0000 INFO  [o.n.c.i.ServerExecutionEngine] Discarded stale query from the query cache: CYPHER 2.3 MATCH (n:Radnik)
RETURN max(n.id)
2016-01-16 14:55:33.512+0000 INFO  [o.n.c.i.CypherCompiler] Discarded stale query from the query cache: Query(None,SingleQuery(List(Match(false,Pattern(List(EveryPath(NodePattern(Some(Identifier(n)),List(),None,false)))),List(),Some(Where(HasLabels(Identifier(n),List(LabelName(Radnik)))))), Return(false,ReturnItems(false,List(AliasedReturnItem(FunctionInvocation(FunctionName(max),false,Vector(Property(Identifier(n),PropertyKeyName(id)))),Identifier(max(n.id))))),None,None,None))))
2016-01-16 14:56:07.648+0000 INFO  [o.n.c.i.ServerExecutionEngine] Discarded stale query from the query cache: CYPHER 2.3 MATCH (n:Radnik)
RETURN max(n.id)
2016-01-16 14:56:07.649+0000 INFO  [o.n.c.i.CypherCompiler] Discarded stale query from the query cache: Query(None,SingleQuery(List(Match(false,Pattern(List(EveryPath(NodePattern(Some(Identifier(n)),List(),None,false)))),List(),Some(Where(HasLabels(Identifier(n),List(LabelName(Radnik)))))), Return(false,ReturnItems(false,List(AliasedReturnItem(FunctionInvocation(FunctionName(max),false,Vector(Property(Identifier(n),PropertyKeyName(id)))),Identifier(max(n.id))))),None,None,None))))
2016-01-16 14:56:57.069+0000 INFO  [o.n.k.i.t.l.c.CheckPointerImpl] Check Pointing triggered by scheduler for time threshold [14]:  Starting check pointing...
2016-01-16 14:56:57.070+0000 INFO  [o.n.k.i.t.l.c.CheckPointerImpl] Check Pointing triggered by scheduler for time threshold [14]:  Starting store flush...
2016-01-16 14:56:57.141+0000 INFO  [o.n.k.i.s.c.CountsTracker] About to rotate counts store at transaction 14 to [C:\Users\Neca\Documents\Neo4j\default.graphdb\neostore.counts.db.a], from [C:\Users\Neca\Documents\Neo4j\default.graphdb\neostore.counts.db.b].
2016-01-16 14:56:57.153+0000 INFO  [o.n.k.i.s.c.CountsTracker] Successfully rotated counts store at transaction 14 to [C:\Users\Neca\Documents\Neo4j\default.graphdb\neostore.counts.db.a], from [C:\Users\Neca\Documents\Neo4j\default.graphdb\neostore.counts.db.b].
2016-01-16 14:56:57.164+0000 INFO  [o.n.k.i.t.l.c.CheckPointerImpl] Check Pointing triggered by scheduler for time threshold [14]:  Store flush completed
2016-01-16 14:56:57.166+0000 INFO  [o.n.k.i.t.l.c.CheckPointerImpl] Check Pointing triggered by scheduler for time threshold [14]:  Starting appending check point entry into the tx log...
2016-01-16 14:56:57.168+0000 INFO  [o.n.k.i.t.l.c.CheckPointerImpl] Check Pointing triggered by scheduler for time threshold [14]:  Appending check point entry into the tx log completed
2016-01-16 14:56:57.169+0000 INFO  [o.n.k.i.t.l.c.CheckPointerImpl] Check Pointing triggered by scheduler for time threshold [14]:  Check pointing completed
2016-01-16 14:56:57.171+0000 INFO  [o.n.k.i.t.l.p.LogPruningImpl] Log Rotation [0]:  Starting log pruning.
2016-01-16 14:56:57.172+0000 INFO  [o.n.k.i.t.l.p.LogPruningImpl] Log Rotation [0]:  Log pruning complete.
2016-01-16 14:57:23.125+0000 INFO  [o.n.c.i.ServerExecutionEngine] Discarded stale query from the query cache: CYPHER 2.3 MATCH (n:Radnik)
RETURN max(n.id)
2016-01-16 14:57:23.127+0000 INFO  [o.n.c.i.CypherCompiler] Discarded stale query from the query cache: Query(None,SingleQuery(List(Match(false,Pattern(List(EveryPath(NodePattern(Some(Identifier(n)),List(),None,false)))),List(),Some(Where(HasLabels(Identifier(n),List(LabelName(Radnik)))))), Return(false,ReturnItems(false,List(AliasedReturnItem(FunctionInvocation(FunctionName(max),false,Vector(Property(Identifier(n),PropertyKeyName(id)))),Identifier(max(n.id))))),None,None,None))))
2016-01-16 14:57:26.232+0000 INFO  [o.n.c.i.ServerExecutionEngine] Discarded stale query from the query cache: CYPHER 2.3 MATCH (n) RETURN n LIMIT 25
2016-01-16 14:57:26.233+0000 INFO  [o.n.c.i.CypherCompiler] Discarded stale query from the query cache: Query(None,SingleQuery(List(Match(false,Pattern(List(EveryPath(NodePattern(Some(Identifier(n)),List(),None,false)))),List(),None), Return(false,ReturnItems(false,List(AliasedReturnItem(Identifier(n),Identifier(n)))),None,None,Some(Limit(SignedDecimalIntegerLiteral(25)))))))
2016-01-16 15:01:57.199+0000 INFO  [o.n.k.i.t.l.c.CheckPointerImpl] Check Pointing triggered by scheduler for time threshold [21]:  Starting check pointing...
2016-01-16 15:01:57.200+0000 INFO  [o.n.k.i.t.l.c.CheckPointerImpl] Check Pointing triggered by scheduler for time threshold [21]:  Starting store flush...
2016-01-16 15:01:57.270+0000 INFO  [o.n.k.i.s.c.CountsTracker] About to rotate counts store at transaction 21 to [C:\Users\Neca\Documents\Neo4j\default.graphdb\neostore.counts.db.b], from [C:\Users\Neca\Documents\Neo4j\default.graphdb\neostore.counts.db.a].
2016-01-16 15:01:57.282+0000 INFO  [o.n.k.i.s.c.CountsTracker] Successfully rotated counts store at transaction 21 to [C:\Users\Neca\Documents\Neo4j\default.graphdb\neostore.counts.db.b], from [C:\Users\Neca\Documents\Neo4j\default.graphdb\neostore.counts.db.a].
2016-01-16 15:01:57.299+0000 INFO  [o.n.k.i.t.l.c.CheckPointerImpl] Check Pointing triggered by scheduler for time threshold [21]:  Store flush completed
2016-01-16 15:01:57.300+0000 INFO  [o.n.k.i.t.l.c.CheckPointerImpl] Check Pointing triggered by scheduler for time threshold [21]:  Starting appending check point entry into the tx log...
2016-01-16 15:01:57.302+0000 INFO  [o.n.k.i.t.l.c.CheckPointerImpl] Check Pointing triggered by scheduler for time threshold [21]:  Appending check point entry into the tx log completed
2016-01-16 15:01:57.303+0000 INFO  [o.n.k.i.t.l.c.CheckPointerImpl] Check Pointing triggered by scheduler for time threshold [21]:  Check pointing completed
2016-01-16 15:01:57.303+0000 INFO  [o.n.k.i.t.l.p.LogPruningImpl] Log Rotation [0]:  Starting log pruning.
2016-01-16 15:01:57.304+0000 INFO  [o.n.k.i.t.l.p.LogPruningImpl] Log Rotation [0]:  Log pruning complete.
2016-01-16 15:05:11.952+0000 INFO  [o.n.c.i.ServerExecutionEngine] Discarded stale query from the query cache: CYPHER 2.3 MATCH (n) RETURN n LIMIT 25
2016-01-16 15:05:11.953+0000 INFO  [o.n.c.i.CypherCompiler] Discarded stale query from the query cache: Query(None,SingleQuery(List(Match(false,Pattern(List(EveryPath(NodePattern(Some(Identifier(n)),List(),None,false)))),List(),None), Return(false,ReturnItems(false,List(AliasedReturnItem(Identifier(n),Identifier(n)))),None,None,Some(Limit(SignedDecimalIntegerLiteral(25)))))))
2016-01-16 15:06:57.332+0000 INFO  [o.n.k.i.t.l.c.CheckPointerImpl] Check Pointing triggered by scheduler for time threshold [35]:  Starting check pointing...
2016-01-16 15:06:57.334+0000 INFO  [o.n.k.i.t.l.c.CheckPointerImpl] Check Pointing triggered by scheduler for time threshold [35]:  Starting store flush...
2016-01-16 15:06:57.367+0000 INFO  [o.n.k.i.s.c.CountsTracker] About to rotate counts store at transaction 35 to [C:\Users\Neca\Documents\Neo4j\default.graphdb\neostore.counts.db.a], from [C:\Users\Neca\Documents\Neo4j\default.graphdb\neostore.counts.db.b].
2016-01-16 15:06:57.385+0000 INFO  [o.n.k.i.s.c.CountsTracker] Successfully rotated counts store at transaction 35 to [C:\Users\Neca\Documents\Neo4j\default.graphdb\neostore.counts.db.a], from [C:\Users\Neca\Documents\Neo4j\default.graphdb\neostore.counts.db.b].
2016-01-16 15:06:57.403+0000 INFO  [o.n.k.i.t.l.c.CheckPointerImpl] Check Pointing triggered by scheduler for time threshold [35]:  Store flush completed
2016-01-16 15:06:57.404+0000 INFO  [o.n.k.i.t.l.c.CheckPointerImpl] Check Pointing triggered by scheduler for time threshold [35]:  Starting appending check point entry into the tx log...
2016-01-16 15:06:57.408+0000 INFO  [o.n.k.i.t.l.c.CheckPointerImpl] Check Pointing triggered by scheduler for time threshold [35]:  Appending check point entry into the tx log completed
2016-01-16 15:06:57.409+0000 INFO  [o.n.k.i.t.l.c.CheckPointerImpl] Check Pointing triggered by scheduler for time threshold [35]:  Check pointing completed
2016-01-16 15:06:57.409+0000 INFO  [o.n.k.i.t.l.p.LogPruningImpl] Log Rotation [0]:  Starting log pruning.
2016-01-16 15:06:57.410+0000 INFO  [o.n.k.i.t.l.p.LogPruningImpl] Log Rotation [0]:  Log pruning complete.
2016-01-16 15:15:17.453+0000 INFO  [o.n.k.i.t.l.c.CheckPointerImpl] Check Pointing triggered by scheduler for time threshold [37]:  Starting check pointing...
2016-01-16 15:15:17.453+0000 INFO  [o.n.k.i.t.l.c.CheckPointerImpl] Check Pointing triggered by scheduler for time threshold [37]:  Starting store flush...
2016-01-16 15:15:17.454+0000 INFO  [o.n.k.i.s.c.CountsTracker] About to rotate counts store at transaction 37 to [C:\Users\Neca\Documents\Neo4j\default.graphdb\neostore.counts.db.b], from [C:\Users\Neca\Documents\Neo4j\default.graphdb\neostore.counts.db.a].
2016-01-16 15:15:17.461+0000 INFO  [o.n.k.i.s.c.CountsTracker] Successfully rotated counts store at transaction 37 to [C:\Users\Neca\Documents\Neo4j\default.graphdb\neostore.counts.db.b], from [C:\Users\Neca\Documents\Neo4j\default.graphdb\neostore.counts.db.a].
2016-01-16 15:15:17.510+0000 INFO  [o.n.k.i.t.l.c.CheckPointerImpl] Check Pointing triggered by scheduler for time threshold [37]:  Store flush completed
2016-01-16 15:15:17.511+0000 INFO  [o.n.k.i.t.l.c.CheckPointerImpl] Check Pointing triggered by scheduler for time threshold [37]:  Starting appending check point entry into the tx log...
2016-01-16 15:15:17.513+0000 INFO  [o.n.k.i.t.l.c.CheckPointerImpl] Check Pointing triggered by scheduler for time threshold [37]:  Appending check point entry into the tx log completed
2016-01-16 15:15:17.513+0000 INFO  [o.n.k.i.t.l.c.CheckPointerImpl] Check Pointing triggered by scheduler for time threshold [37]:  Check pointing completed
2016-01-16 15:15:17.514+0000 INFO  [o.n.k.i.t.l.p.LogPruningImpl] Log Rotation [0]:  Starting log pruning.
2016-01-16 15:15:17.514+0000 INFO  [o.n.k.i.t.l.p.LogPruningImpl] Log Rotation [0]:  Log pruning complete.
